<?xml version="1.0" encoding="UTF-8"?>
<!-- Generated by org.testng.reporters.JUnitXMLReporter -->
<testsuite ignored="0" hostname="Ayushmaan-Workstation" failures="0" tests="5" name="AllPageTests" time="50.925" errors="0" timestamp="2024-12-28T13:09:05 IST">
  <testcase classname="main.java.app.HomePageTests" name="testHomePageContent" time="1.844"/>
  <testcase classname="main.java.app.ProjectsPageTests" name="testProjectsPage" time="4.609"/>
  <testcase classname="main.java.app.SkillsPageTests" name="testSkillsPage" time="2.539"/>
  <testcase classname="main.java.app.BlogPageTests" name="testBlogPage" time="11.831"/>
  <testcase classname="main.java.app.ContactPageTests" name="testContactPage" time="6.594"/>
</testsuite> <!-- AllPageTests -->
