<?xml version="1.0" encoding="UTF-8"?>
<!-- Generated by org.testng.reporters.JUnitReportReporter -->
<testsuite hostname="Ayushmaan-Workstation" failures="0" tests="1" name="main.java.app.ContactPageTests" time="6.594" errors="0" timestamp="2024-12-28T13:09:05 IST" skipped="0">
  <testcase classname="main.java.app.ContactPageTests" name="testContactPage" time="6.594">
    <system-out>
      <![CDATA[Social links are displayed successfully.
Contact form is displayed successfully.
Form submitted successfully, navigated to Home.]]>
    </system-out>
  </testcase> <!-- testContactPage -->
  <system-out>
    <![CDATA[Starting Home Page Tests...
Testing Home Page - Title: AyushMaan's Portfolio
Main Content is rendered successfully.
Navbar is rendered successfully.
The Footer is rendered successfully.
Home Page validation completed.
Starting Projects Page Tests...
Projects Page contains 9 project cards.
Successfully navigated to: https://github.com/ayushmaanFCB/Premier-League--2021-22--Tableau-Dashboard
Starting Skills Page Tests...
Skills Page contains 5 skill sections.
Section: MACHINE LEARNING, DEEP LEARNING AND COMPUTER VISION
Skill section contains 5 images.
Section: DATA ANALYTICS AND CLOUD
Skill section contains 4 images.
Section: DATABASE SYSTEMS (RDBMS & NRDBMS)
Skill section contains 3 images.
Section: WEB DEVELOPMENT TOOLS AND FRAMEWORKS
Skill section contains 5 images.
Section: PROGRAMMING LANGUAGES
Skill section contains 6 images.
Navigated to Programming Languages section successfully.
Starting Blog Page Tests...
Blog page contains 21 blogs.
Filter applied: Sorted by Date (Newest First).
Filter applied: Blog Type - Project. 21 blogs displayed.
Filter applied: Date Range from 2023-01-01 to 2023-12-31.
First blog date is displayed correctly after filters.
Upvote functionality validated for the first blog.
Starting Contact Page Tests...
Social links are displayed successfully.
Contact form is displayed successfully.
Form submitted successfully, navigated to Home.]]>
  </system-out>
</testsuite> <!-- main.java.app.ContactPageTests -->
